<?xml version="1.0" encoding="UTF-8"?>
<testng-results ignored="0" total="1" passed="1" failed="0" skipped="0">
  <reporter-output>
  </reporter-output>
  <suite started-at="2025-07-07T18:22:15 IST" name="Default suite" finished-at="2025-07-07T18:22:29 IST" duration-ms="13716">
    <groups>
    </groups>
    <test started-at="2025-07-07T18:22:15 IST" name="Default test" finished-at="2025-07-07T18:22:29 IST" duration-ms="13716">
      <class name="testLayer.LoginPageTest">
        <test-method is-config="true" signature="setUp()[pri:0, instance:testLayer.LoginPageTest@33bc72d1]" started-at="2025-07-07T18:22:15 IST" name="setUp" finished-at="2025-07-07T18:22:25 IST" duration-ms="9667" status="PASS">
          <reporter-output>
          </reporter-output>
        </test-method> <!-- setUp -->
        <test-method signature="validateLoginFunctionality()[pri:0, instance:testLayer.LoginPageTest@33bc72d1]" started-at="2025-07-07T18:22:25 IST" name="validateLoginFunctionality" finished-at="2025-07-07T18:22:29 IST" duration-ms="3958" status="PASS">
          <reporter-output>
          </reporter-output>
        </test-method> <!-- validateLoginFunctionality -->
      </class> <!-- testLayer.LoginPageTest -->
    </test> <!-- Default test -->
  </suite> <!-- Default suite -->
</testng-results>
