<?xml version="1.0" encoding="UTF-8"?>
<testng-results ignored="0" total="2" passed="2" failed="0" skipped="0">
  <reporter-output>
  </reporter-output>
  <suite started-at="2025-05-20T20:49:23 IST" name="Cogmento CRM UI Regression Suite" finished-at="2025-05-20T20:49:40 IST" duration-ms="17290">
    <groups>
    </groups>
    <test started-at="2025-05-20T20:49:23 IST" name="Test" finished-at="2025-05-20T20:49:40 IST" duration-ms="17290">
      <class name="testLayer.ContactPageTest">
        <test-method signature="validateNewContactFunctionality()[pri:0, instance:testLayer.ContactPageTest@399f45b1]" started-at="2025-05-20T20:49:32 IST" name="validateNewContactFunctionality" finished-at="2025-05-20T20:49:38 IST" duration-ms="6879" status="PASS">
          <reporter-output>
          </reporter-output>
        </test-method> <!-- validateNewContactFunctionality -->
      </class> <!-- testLayer.ContactPageTest -->
      <class name="testLayer.LoginPageTest">
        <test-method is-config="true" signature="setUp(java.lang.String)[pri:0, instance:testLayer.LoginPageTest@6c64cb25]" started-at="2025-05-20T20:49:23 IST" name="setUp" finished-at="2025-05-20T20:49:30 IST" duration-ms="7571" status="PASS">
          <params>
            <param index="0">
              <value>
                <![CDATA[chrome]]>
              </value>
            </param>
          </params>
          <reporter-output>
          </reporter-output>
        </test-method> <!-- setUp -->
        <test-method signature="validateLoginFunctionality()[pri:0, instance:testLayer.LoginPageTest@6c64cb25]" started-at="2025-05-20T20:49:30 IST" name="validateLoginFunctionality" finished-at="2025-05-20T20:49:31 IST" duration-ms="893" status="PASS">
          <reporter-output>
          </reporter-output>
        </test-method> <!-- validateLoginFunctionality -->
        <test-method is-config="true" signature="tearDown()[pri:0, instance:testLayer.LoginPageTest@6c64cb25]" started-at="2025-05-20T20:49:39 IST" name="tearDown" finished-at="2025-05-20T20:49:40 IST" duration-ms="1031" status="PASS">
          <reporter-output>
          </reporter-output>
        </test-method> <!-- tearDown -->
      </class> <!-- testLayer.LoginPageTest -->
    </test> <!-- Test -->
  </suite> <!-- Cogmento CRM UI Regression Suite -->
</testng-results>
